[GIN-debug] POST   /api/v1/user/register     --> FanOneMall/api.UserRegister (4 handlers)
[GIN-debug] POST   /api/v1/user/login        --> FanOneMall/api.UserLogin (4 handlers)
[GIN-debug] POST   /api/v1/user/vaild-email  --> FanOneMall/api.ValidEmail (4 handlers)
[GIN-debug] GET    /api/v1/products          --> FanOneMall/api.ListProducts (4 handlers)
[GIN-debug] GET    /api/v1/products/:id      --> FanOneMall/api.ShowProduct (4 handlers)
[GIN-debug] GET    /api/v1/imgs/:id          --> FanOneMall/api.ShowProductImgs (4 handlers)
[GIN-debug] GET    /api/v1/info-imgs/:id     --> FanOneMall/api.ShowInfoImgs (4 handlers)
[GIN-debug] GET    /api/v1/param-imgs/:id    --> FanOneMall/api.ShowParamImgs (4 handlers)
[GIN-debug] GET    /api/v1/categories        --> FanOneMall/api.ListCategories (4 handlers)
[GIN-debug] GET    /api/v1/carousels         --> FanOneMall/api.ListCarousels (4 handlers)
[GIN-debug] GET    /api/v1/rankings          --> FanOneMall/api.ListRanking (4 handlers)
[GIN-debug] GET    /api/v1/elec-rankings     --> FanOneMall/api.ListElecRanking (4 handlers)
[GIN-debug] GET    /api/v1/acce-rankings     --> FanOneMall/api.ListAcceRanking (4 handlers)
[GIN-debug] GET    /api/v1/notices           --> FanOneMall/api.ShowNotice (4 handlers)
[GIN-debug] POST   /api/v1/paydown           --> FanOneMall/api.OrderPay (4 handlers)
[GIN-debug] GET    /api/v1/payments          --> FanOneMall/api.ConfirmPay (4 handlers)
[GIN-debug] GET    /api/v1/ping              --> FanOneMall/api.CheckToken (5 handlers)
[GIN-debug] PUT    /api/v1/user              --> FanOneMall/api.UserUpdate (5 handlers)
[GIN-debug] POST   /api/v1/user/sending-email --> FanOneMall/api.SendEmail (5 handlers)
[GIN-debug] POST   /api/v1/avatar            --> FanOneMall/api.UploadToken (5 handlers)
[GIN-debug] POST   /api/v1/products          --> FanOneMall/api.CreateProduct (5 handlers)
[GIN-debug] DELETE /api/v1/products/:id      --> FanOneMall/api.DeleteProduct (5 handlers)
[GIN-debug] PUT    /api/v1/products_up       --> FanOneMall/api.UpProduct (5 handlers)
[GIN-debug] GET    /api/v1/favorites/:id     --> FanOneMall/api.ShowFavorites (5 handlers)
[GIN-debug] POST   /api/v1/favorites         --> FanOneMall/api.CreateFavorite (5 handlers)
[GIN-debug] DELETE /api/v1/favorites         --> FanOneMall/api.DeleteFavorite (5 handlers)
[GIN-debug] POST   /api/v1/orders            --> FanOneMall/api.CreateOrder (5 handlers)
[GIN-debug] GET    /api/v1/user/:id/orders   --> FanOneMall/api.ListOrders (5 handlers)
[GIN-debug] GET    /api/v1/orders/:num       --> FanOneMall/api.ShowOrder (5 handlers)
[GIN-debug] DELETE /api/v1/orders            --> FanOneMall/api.DeleteOrder (5 handlers)
[GIN-debug] POST   /api/v1/carts             --> FanOneMall/api.CreateCart (5 handlers)
[GIN-debug] GET    /api/v1/carts/:id         --> FanOneMall/api.ShowCarts (5 handlers)
[GIN-debug] PUT    /api/v1/carts             --> FanOneMall/api.UpdateCart (5 handlers)
[GIN-debug] DELETE /api/v1/carts             --> FanOneMall/api.DeleteCart (5 handlers)
[GIN-debug] POST   /api/v1/addresses         --> FanOneMall/api.CreateAddress (5 handlers)
[GIN-debug] GET    /api/v1/addresses/:id     --> FanOneMall/api.ShowAddresses (5 handlers)
[GIN-debug] PUT    /api/v1/addresses         --> FanOneMall/api.UpdateAddress (5 handlers)
[GIN-debug] DELETE /api/v1/addresses         --> FanOneMall/api.DeleteAddress (5 handlers)
[GIN-debug] GET    /api/v1/counts/:id        --> FanOneMall/api.ShowCount (5 handlers)
[GIN-debug] POST   /api/v1/payments          --> FanOneMall/api.InitPay (5 handlers)
[GIN-debug] POST   /api/v1/OrderPayment      --> FanOneMall/api.OrderPay (5 handlers)
[GIN-debug] POST   /api/v2/admin/register    --> FanOneMall/api.AdminRegister (4 handlers)
[GIN-debug] POST   /api/v2/admin/login       --> FanOneMall/api.AdminLogin (4 handlers)
[GIN-debug] GET    /api/v2/products          --> FanOneMall/api.ListProducts (4 handlers)
[GIN-debug] GET    /api/v2/products/:id      --> FanOneMall/api.ShowProduct (4 handlers)
[GIN-debug] GET    /api/v2/imgs/:id          --> FanOneMall/api.ShowProductImgs (4 handlers)
[GIN-debug] GET    /api/v2/carousels         --> FanOneMall/api.ListCarousels (4 handlers)
[GIN-debug] GET    /api/v2/categories        --> FanOneMall/api.ListCarousels (4 handlers)
[GIN-debug] GET    /api/v2/users             --> FanOneMall/api.ListUsers (4 handlers)
[GIN-debug] POST   /api/v2/products          --> FanOneMall/api.CreateProduct (5 handlers)
[GIN-debug] DELETE /api/v2/products/:id      --> FanOneMall/api.DeleteProduct (5 handlers)
[GIN-debug] PUT    /api/v2/products          --> FanOneMall/api.UpdateProduct (5 handlers)
[GIN-debug] POST   /api/v2/carousels         --> FanOneMall/api.CreateCarousel (5 handlers)
[GIN-debug] POST   /api/v2/imgs              --> FanOneMall/api.CreateProductImg (5 handlers)
[GIN-debug] POST   /api/v2/info-imgs         --> FanOneMall/api.CreateInfoImg (5 handlers)
[GIN-debug] POST   /api/v2/param-imgs        --> FanOneMall/api.CreateParamImg (5 handlers)
[GIN-debug] POST   /api/v2/categories        --> FanOneMall/api.CreateCategory (5 handlers)
[GIN-debug] POST   /api/v2/notices           --> FanOneMall/api.CreateNotice (5 handlers)
[GIN-debug] PUT    /api/v2/notice            --> FanOneMall/api.UpdateNotice (5 handlers)
[GIN-debug] Listening and serving HTTP on :3000
